<?xml version="1.0" encoding="UTF-8"?>
<testng-results ignored="0" total="1" passed="1" failed="0" skipped="0">
  <reporter-output>
  </reporter-output>
  <suite started-at="2023-01-31T19:39:43 IST" name="Default suite" finished-at="2023-01-31T19:40:04 IST" duration-ms="21548">
    <groups>
    </groups>
    <test started-at="2023-01-31T19:39:43 IST" name="Default test" finished-at="2023-01-31T19:40:04 IST" duration-ms="21548">
      <class name="testngSample.DragAndDropPrograme">
        <test-method is-config="true" signature="beforeMethod()[pri:0, instance:testngSample.DragAndDropPrograme@60bd273d]" started-at="2023-01-31T19:39:43 IST" name="beforeMethod" finished-at="2023-01-31T19:39:59 IST" duration-ms="16066" status="PASS">
          <reporter-output>
          </reporter-output>
        </test-method> <!-- beforeMethod -->
        <test-method signature="dragAndDrop()[pri:0, instance:testngSample.DragAndDropPrograme@60bd273d]" started-at="2023-01-31T19:39:59 IST" name="dragAndDrop" finished-at="2023-01-31T19:40:03 IST" duration-ms="4412" status="PASS">
          <reporter-output>
          </reporter-output>
        </test-method> <!-- dragAndDrop -->
        <test-method is-config="true" signature="afterMethod()[pri:0, instance:testngSample.DragAndDropPrograme@60bd273d]" started-at="2023-01-31T19:40:03 IST" name="afterMethod" finished-at="2023-01-31T19:40:04 IST" duration-ms="953" status="PASS">
          <reporter-output>
          </reporter-output>
        </test-method> <!-- afterMethod -->
      </class> <!-- testngSample.DragAndDropPrograme -->
    </test> <!-- Default test -->
  </suite> <!-- Default suite -->
</testng-results>
