<?xml version="1.0" encoding="UTF-8"?>
<!-- Generated by org.testng.reporters.JUnitXMLReporter -->
<testsuite ignored="0" hostname="LAPTOP-2KKCO9Q0" failures="0" tests="6" name="Default test" time="75.888" errors="0" timestamp="2023-02-11T18:13:11 IST">
  <testcase classname="executeClass.LoginPageTestClass" name="verifyRememberMeCheckboxIsSelectedByDefault" time="0.161"/>
  <testcase classname="executeClass.LoginPageTestClass" name="verifySuccessfulLogin" time="1.119"/>
  <testcase classname="executeClass.LoginPageTestClass" name="verifyTheLoginPageIsDisplayedByLoadingUrl" time="0.074"/>
  <testcase classname="executeClass.LoginPageTestClass" name="verifyUnSuccessfulLogin" time="0.744"/>
  <testcase classname="executeClass.LoginPageTestClass" name="verifyUnSuccessfulLogin" time="0.634"/>
  <testcase classname="executeClass.LoginPageTestClass" name="verifyUnSuccessfulLogin" time="0.616"/>
</testsuite> <!-- Default test -->
