<?xml version="1.0" encoding="UTF-8"?>
<!-- Generated by org.testng.reporters.JUnitXMLReporter -->
<testsuite ignored="1" hostname="LAPTOP-2KKCO9Q0" failures="0" tests="2" name="Default test" time="29.114" errors="0" timestamp="2023-01-17T10:48:37 IST">
  <testcase classname="testngSample.TableXpath" name="verifySearchFunctionalityByUsingClientName" time="4.136"/>
  <testcase classname="testngSample.TableXpath" name="displayClientDetailsOfTom" time="3.897"/>
  <testcase classname="testngSample.TableXpath" name="verifySearchFunctionality" time="0.0">
    <ignored/>
  </testcase> <!-- verifySearchFunctionality -->
</testsuite> <!-- Default test -->
